<?xml version="1.0" encoding="UTF-8"?>
<robot generator="Robot 3.1.2 (Python 3.7.4 on win32)" generated="20191001 20:32:40.502" rpa="false">
<suite id="s1" name="addToCart" source="C:\Users\mmoises\Desktop\Fatec-Demo\Example\addToCart.robot">
<test id="s1-t1" name="Scenario 01: Put a blouse on the cart">
<kw name="Given I'm on site home">
<kw name="Open Browser" library="Selenium2Library">
<doc>Opens a new browser instance to the given ``url``.</doc>
<arguments>
<arg>${URL}</arg>
<arg>${BROWSER}</arg>
</arguments>
<msg timestamp="20191001 20:32:40.760" level="INFO">Opening browser 'chrome' to base url 'http://automationpractice.com'.</msg>
<status status="PASS" starttime="20191001 20:32:40.760" endtime="20191001 20:32:57.087"></status>
</kw>
<kw name="Maximize Browser Window" library="Selenium2Library">
<doc>Maximizes current browser window.</doc>
<status status="PASS" starttime="20191001 20:32:57.088" endtime="20191001 20:32:58.296"></status>
</kw>
<kw name="Wait Until Element Is Visible" library="Selenium2Library">
<doc>Waits until element ``locator`` is visible.</doc>
<arguments>
<arg>${WOMEN_BUTTON}</arg>
</arguments>
<status status="PASS" starttime="20191001 20:32:58.296" endtime="20191001 20:32:58.336"></status>
</kw>
<status status="PASS" starttime="20191001 20:32:40.760" endtime="20191001 20:32:58.336"></status>
</kw>
<kw name="When click on women button and add a Blouse to the cart">
<kw name="Click Element" library="Selenium2Library">
<doc>Click element identified by ``locator``.</doc>
<arguments>
<arg>${WOMEN_BUTTON}</arg>
</arguments>
<msg timestamp="20191001 20:32:58.337" level="INFO">Clicking element 'xpath=.//*[@id="block_top_menu"]/ul/li[1]/a'.</msg>
<status status="PASS" starttime="20191001 20:32:58.337" endtime="20191001 20:33:02.308"></status>
</kw>
<kw name="Wait Until Element Is Visible" library="Selenium2Library">
<doc>Waits until element ``locator`` is visible.</doc>
<arguments>
<arg>${BLOUSE}</arg>
</arguments>
<kw name="Capture Page Screenshot" library="Selenium2Library">
<doc>Takes screenshot of the current page and embeds it into log file.</doc>
<msg timestamp="20191001 20:33:07.876" level="INFO" html="yes">&lt;/td&gt;&lt;/tr&gt;&lt;tr&gt;&lt;td colspan="3"&gt;&lt;a href="selenium-screenshot-4.png"&gt;&lt;img src="selenium-screenshot-4.png" width="800px"&gt;&lt;/a&gt;</msg>
<status status="PASS" starttime="20191001 20:33:07.341" endtime="20191001 20:33:07.877"></status>
</kw>
<msg timestamp="20191001 20:33:07.878" level="FAIL">Element 'xpath=.//*[@id="mcenter_column"]/ul/li[2]/div/div[2]/h5/a' not visible after 5 seconds.</msg>
<status status="FAIL" starttime="20191001 20:33:02.309" endtime="20191001 20:33:07.878"></status>
</kw>
<status status="FAIL" starttime="20191001 20:32:58.337" endtime="20191001 20:33:07.878"></status>
</kw>
<status status="FAIL" starttime="20191001 20:32:40.759" endtime="20191001 20:33:07.878" critical="yes">Element 'xpath=.//*[@id="mcenter_column"]/ul/li[2]/div/div[2]/h5/a' not visible after 5 seconds.</status>
</test>
<status status="FAIL" starttime="20191001 20:32:40.504" endtime="20191001 20:33:07.886"></status>
</suite>
<statistics>
<total>
<stat pass="0" fail="1">Critical Tests</stat>
<stat pass="0" fail="1">All Tests</stat>
</total>
<tag>
</tag>
<suite>
<stat pass="0" fail="1" id="s1" name="addToCart">addToCart</stat>
</suite>
</statistics>
<errors>
</errors>
</robot>
