<?xml version="1.0" encoding="UTF-8"?>
<robot generator="Robot 3.1.2 (Python 3.7.4 on win32)" generated="20200123 11:42:08.216" rpa="false">
<suite id="s1" name="Test" source="C:\Users\mmoises\Desktop\Demo\TestSuite\test">
<suite id="s1-s1" name="T1-Add a blouse to the cart" source="C:\Users\mmoises\Desktop\Demo\TestSuite\test\T1-Add a blouse to the cart.robot">
<test id="s1-s1-t1" name="Scenario 01: Put a blouse on the cart">
<kw name="Given I'm on site home" library="T1-spec">
<kw name="Open Browser" library="Selenium2Library">
<doc>Opens a new browser instance to the given ``url``.</doc>
<arguments>
<arg>${URL}</arg>
<arg>${BROWSER}</arg>
</arguments>
<msg timestamp="20200123 11:42:08.487" level="INFO">Opening browser 'chrome' to base url 'http://automationpractice.com'.</msg>
<status status="PASS" starttime="20200123 11:42:08.486" endtime="20200123 11:42:14.871"></status>
</kw>
<kw name="Maximize Browser Window" library="Selenium2Library">
<doc>Maximizes current browser window.</doc>
<status status="PASS" starttime="20200123 11:42:14.871" endtime="20200123 11:42:16.018"></status>
</kw>
<kw name="Wait Until Element Is Visible" library="Selenium2Library">
<doc>Waits until element ``locator`` is visible.</doc>
<arguments>
<arg>${BLOUSE}</arg>
</arguments>
<kw name="Capture Page Screenshot" library="Selenium2Library">
<doc>Takes screenshot of the current page and embeds it into log file.</doc>
<msg timestamp="20200123 11:42:21.771" level="INFO" html="yes">&lt;/td&gt;&lt;/tr&gt;&lt;tr&gt;&lt;td colspan="3"&gt;&lt;a href="selenium-screenshot-1.png"&gt;&lt;img src="selenium-screenshot-1.png" width="800px"&gt;&lt;/a&gt;</msg>
<status status="PASS" starttime="20200123 11:42:21.092" endtime="20200123 11:42:21.771"></status>
</kw>
<msg timestamp="20200123 11:42:21.779" level="FAIL">Element 'xpath=.//*[@id="center_column"]/ul/li[2]/div/div[2]/h5/a' not visible after 5 seconds.</msg>
<status status="FAIL" starttime="20200123 11:42:16.018" endtime="20200123 11:42:21.779"></status>
</kw>
<status status="FAIL" starttime="20200123 11:42:08.486" endtime="20200123 11:42:21.780"></status>
</kw>
<status status="FAIL" starttime="20200123 11:42:08.485" endtime="20200123 11:42:21.780" critical="yes">Element 'xpath=.//*[@id="center_column"]/ul/li[2]/div/div[2]/h5/a' not visible after 5 seconds.</status>
</test>
<kw name="Close Browser" library="Selenium2Library" type="teardown">
<doc>Closes the current browser.</doc>
<status status="PASS" starttime="20200123 11:42:21.784" endtime="20200123 11:42:24.039"></status>
</kw>
<status status="FAIL" starttime="20200123 11:42:08.245" endtime="20200123 11:42:24.039"></status>
</suite>
<status status="FAIL" starttime="20200123 11:42:08.218" endtime="20200123 11:42:24.044"></status>
</suite>
<statistics>
<total>
<stat pass="0" fail="1">Critical Tests</stat>
<stat pass="0" fail="1">All Tests</stat>
</total>
<tag>
</tag>
<suite>
<stat pass="0" fail="1" id="s1" name="Test">Test</stat>
<stat pass="0" fail="1" id="s1-s1" name="T1-Add a blouse to the cart">Test.T1-Add a blouse to the cart</stat>
</suite>
</statistics>
<errors>
</errors>
</robot>
