<?xml version="1.0" encoding="UTF-8"?>
<robot generator="Robot 3.1.2 (Python 3.7.4 on win32)" generated="20191001 20:42:25.128" rpa="false">
<suite id="s1" name="T1-Add a blouse to the cart" source="C:\Users\mmoises\Desktop\Fatec-Demo\TestSuite\test\T1-Add a blouse to the cart.robot">
<test id="s1-t1" name="Scenario 01: Put a blouse on the cart">
<kw name="Given I'm on site home" library="T1-spec">
<kw name="Open Browser" library="Selenium2Library">
<doc>Opens a new browser instance to the given ``url``.</doc>
<arguments>
<arg>${URL}</arg>
<arg>${BROWSER}</arg>
</arguments>
<msg timestamp="20191001 20:42:25.392" level="INFO">Opening browser 'chrome' to base url 'http://automationpractice.com'.</msg>
<status status="PASS" starttime="20191001 20:42:25.392" endtime="20191001 20:42:39.221"></status>
</kw>
<kw name="Maximize Browser Window" library="Selenium2Library">
<doc>Maximizes current browser window.</doc>
<status status="PASS" starttime="20191001 20:42:39.221" endtime="20191001 20:42:40.381"></status>
</kw>
<kw name="Wait Until Element Is Visible" library="Selenium2Library">
<doc>Waits until element ``locator`` is visible.</doc>
<arguments>
<arg>${WOMEN_BUTTON}</arg>
</arguments>
<status status="PASS" starttime="20191001 20:42:40.381" endtime="20191001 20:42:40.426"></status>
</kw>
<status status="PASS" starttime="20191001 20:42:25.392" endtime="20191001 20:42:40.426"></status>
</kw>
<kw name="When click on women button and add a Blouse to the cart" library="T1-spec">
<kw name="Click Element" library="Selenium2Library">
<doc>Click element identified by ``locator``.</doc>
<arguments>
<arg>${WOMEN_BUTTON}</arg>
</arguments>
<msg timestamp="20191001 20:42:40.427" level="INFO">Clicking element 'xpath=.//*[@id="block_top_menu"]/ul/li[1]/a'.</msg>
<status status="PASS" starttime="20191001 20:42:40.427" endtime="20191001 20:42:42.745"></status>
</kw>
<kw name="Wait Until Element Is Visible" library="Selenium2Library">
<doc>Waits until element ``locator`` is visible.</doc>
<arguments>
<arg>${BLOUSE}</arg>
</arguments>
<status status="PASS" starttime="20191001 20:42:42.745" endtime="20191001 20:42:42.785"></status>
</kw>
<kw name="Click Element" library="Selenium2Library">
<doc>Click element identified by ``locator``.</doc>
<arguments>
<arg>${BLOUSE}</arg>
</arguments>
<msg timestamp="20191001 20:42:42.786" level="INFO">Clicking element 'xpath=.//*[@id="center_column"]/ul/li[2]/div/div[2]/h5/a'.</msg>
<status status="PASS" starttime="20191001 20:42:42.786" endtime="20191001 20:42:44.692"></status>
</kw>
<kw name="Wait Until Element Is Visible" library="Selenium2Library">
<doc>Waits until element ``locator`` is visible.</doc>
<arguments>
<arg>${ADD_TO_CART}</arg>
</arguments>
<status status="PASS" starttime="20191001 20:42:44.692" endtime="20191001 20:42:44.753"></status>
</kw>
<kw name="Click Element" library="Selenium2Library">
<doc>Click element identified by ``locator``.</doc>
<arguments>
<arg>${ADD_TO_CART}</arg>
</arguments>
<msg timestamp="20191001 20:42:44.754" level="INFO">Clicking element 'xpath=.//*[@id="add_to_cart"]/button/span'.</msg>
<status status="PASS" starttime="20191001 20:42:44.754" endtime="20191001 20:42:44.829"></status>
</kw>
<status status="PASS" starttime="20191001 20:42:40.426" endtime="20191001 20:42:44.830"></status>
</kw>
<kw name="Then the blouse must be on the cart" library="T1-spec">
<kw name="Wait Until Element Is Visible" library="Selenium2Library">
<doc>Waits until element ``locator`` is visible.</doc>
<arguments>
<arg>${ADD_SUCCESS_MSG}</arg>
</arguments>
<status status="PASS" starttime="20191001 20:42:44.831" endtime="20191001 20:42:45.926"></status>
</kw>
<kw name="Element Should Contain" library="Selenium2Library">
<doc>Verifies that element ``locator`` contains text ``expected``.</doc>
<arguments>
<arg>${ADD_SUCCESS_MSG}</arg>
<arg>Product successfully added to your shopping cart</arg>
</arguments>
<msg timestamp="20191001 20:42:45.969" level="INFO">Element 'xpath=.//*[@id="layer_cart"]/div[1]/div[1]/h2' contains text 'Product successfully added to your shopping cart'.</msg>
<status status="PASS" starttime="20191001 20:42:45.926" endtime="20191001 20:42:45.969"></status>
</kw>
<status status="PASS" starttime="20191001 20:42:44.830" endtime="20191001 20:42:45.969"></status>
</kw>
<status status="PASS" starttime="20191001 20:42:25.391" endtime="20191001 20:42:45.970" critical="yes"></status>
</test>
<kw name="Close Browser" library="Selenium2Library" type="teardown">
<doc>Closes the current browser.</doc>
<status status="PASS" starttime="20191001 20:42:45.976" endtime="20191001 20:42:48.219"></status>
</kw>
<status status="PASS" starttime="20191001 20:42:25.130" endtime="20191001 20:42:48.219"></status>
</suite>
<statistics>
<total>
<stat pass="1" fail="0">Critical Tests</stat>
<stat pass="1" fail="0">All Tests</stat>
</total>
<tag>
</tag>
<suite>
<stat pass="1" fail="0" id="s1" name="T1-Add a blouse to the cart">T1-Add a blouse to the cart</stat>
</suite>
</statistics>
<errors>
</errors>
</robot>
