<?xml version="1.0" encoding="UTF-8"?>
<robot generator="Robot 3.2.1 (Python 3.8.3 on win32)" generated="20200621 17:56:05.028" rpa="false">
<suite id="s1" name="Test" source="C:\Users\marie\OneDrive\Área de Trabalho\Palestras\Robot\Demo\TestSuite\test">
<suite id="s1-s1" name="T1-Add a blouse to the cart" source="C:\Users\marie\OneDrive\Área de Trabalho\Palestras\Robot\Demo\TestSuite\test\T1-Add a blouse to the cart.robot">
<test id="s1-s1-t1" name="Scenario 01: Put a blouse on the cart">
<kw name="Given I'm on site home" library="T1-spec">
<kw name="Open Browser" library="Selenium2Library">
<doc>Opens a new browser instance to the optional ``url``.</doc>
<arguments>
<arg>${URL}</arg>
<arg>${BROWSER}</arg>
</arguments>
<msg timestamp="20200621 17:56:05.222" level="INFO">Opening browser 'chrome' to base url 'http://automationpractice.com'.</msg>
<status status="PASS" starttime="20200621 17:56:05.221" endtime="20200621 17:56:12.459"></status>
</kw>
<kw name="Maximize Browser Window" library="Selenium2Library">
<doc>Maximizes current browser window.</doc>
<status status="PASS" starttime="20200621 17:56:12.459" endtime="20200621 17:56:14.587"></status>
</kw>
<kw name="Wait Until Element Is Visible" library="Selenium2Library">
<doc>Waits until the element ``locator`` is visible.</doc>
<arguments>
<arg>${WOMEN_BUTTON}</arg>
</arguments>
<status status="PASS" starttime="20200621 17:56:14.587" endtime="20200621 17:56:14.614"></status>
</kw>
<status status="PASS" starttime="20200621 17:56:05.221" endtime="20200621 17:56:14.614"></status>
</kw>
<kw name="When click on women button and add a Blouse to the cart" library="T1-spec">
<kw name="Click Element" library="Selenium2Library">
<doc>Click the element identified by ``locator``.</doc>
<arguments>
<arg>${WOMEN_BUTTON}</arg>
</arguments>
<msg timestamp="20200621 17:56:14.616" level="INFO">Clicking element 'xpath=.//*[@id="block_top_menu"]/ul/li[1]/a'.</msg>
<status status="PASS" starttime="20200621 17:56:14.615" endtime="20200621 17:56:16.586"></status>
</kw>
<kw name="Wait Until Element Is Visible" library="Selenium2Library">
<doc>Waits until the element ``locator`` is visible.</doc>
<arguments>
<arg>${BLOUSE}</arg>
</arguments>
<status status="PASS" starttime="20200621 17:56:16.586" endtime="20200621 17:56:16.610"></status>
</kw>
<kw name="Click Element" library="Selenium2Library">
<doc>Click the element identified by ``locator``.</doc>
<arguments>
<arg>${BLOUSE}</arg>
</arguments>
<msg timestamp="20200621 17:56:16.611" level="INFO">Clicking element 'xpath=.//*[@id="center_column"]/ul/li[2]/div/div[2]/h5/a'.</msg>
<status status="PASS" starttime="20200621 17:56:16.610" endtime="20200621 17:56:18.232"></status>
</kw>
<kw name="Wait Until Element Is Visible" library="Selenium2Library">
<doc>Waits until the element ``locator`` is visible.</doc>
<arguments>
<arg>${ADD_TO_CART}</arg>
</arguments>
<status status="PASS" starttime="20200621 17:56:18.232" endtime="20200621 17:56:18.253"></status>
</kw>
<kw name="Click Element" library="Selenium2Library">
<doc>Click the element identified by ``locator``.</doc>
<arguments>
<arg>${ADD_TO_CART}</arg>
</arguments>
<msg timestamp="20200621 17:56:18.253" level="INFO">Clicking element 'xpath=.//*[@id="add_to_cart"]/button/span'.</msg>
<status status="PASS" starttime="20200621 17:56:18.253" endtime="20200621 17:56:18.302"></status>
</kw>
<status status="PASS" starttime="20200621 17:56:14.615" endtime="20200621 17:56:18.302"></status>
</kw>
<kw name="Then the blouse must be on the cart" library="T1-spec">
<kw name="Wait Until Element Is Visible" library="Selenium2Library">
<doc>Waits until the element ``locator`` is visible.</doc>
<arguments>
<arg>${ADD_SUCCESS_MSG}</arg>
</arguments>
<status status="PASS" starttime="20200621 17:56:18.303" endtime="20200621 17:56:19.197"></status>
</kw>
<kw name="Element Should Contain" library="Selenium2Library">
<doc>Verifies that element ``locator`` contains text ``expected``.</doc>
<arguments>
<arg>${ADD_SUCCESS_MSG}</arg>
<arg>Product successfully added to your shopping cart</arg>
</arguments>
<msg timestamp="20200621 17:56:19.217" level="INFO">Element 'xpath=.//*[@id="layer_cart"]/div[1]/div[1]/h2' contains text 'Product successfully added to your shopping cart'.</msg>
<status status="PASS" starttime="20200621 17:56:19.198" endtime="20200621 17:56:19.217"></status>
</kw>
<status status="PASS" starttime="20200621 17:56:18.303" endtime="20200621 17:56:19.218"></status>
</kw>
<status status="PASS" starttime="20200621 17:56:05.220" endtime="20200621 17:56:19.218" critical="yes"></status>
</test>
<kw name="Close Browser" library="Selenium2Library" type="teardown">
<doc>Closes the current browser.</doc>
<status status="PASS" starttime="20200621 17:56:19.220" endtime="20200621 17:56:21.356"></status>
</kw>
<status status="PASS" starttime="20200621 17:56:05.054" endtime="20200621 17:56:21.356"></status>
</suite>
<status status="PASS" starttime="20200621 17:56:05.030" endtime="20200621 17:56:21.359"></status>
</suite>
<statistics>
<total>
<stat pass="1" fail="0">Critical Tests</stat>
<stat pass="1" fail="0">All Tests</stat>
</total>
<tag>
</tag>
<suite>
<stat pass="1" fail="0" id="s1" name="Test">Test</stat>
<stat pass="1" fail="0" id="s1-s1" name="T1-Add a blouse to the cart">Test.T1-Add a blouse to the cart</stat>
</suite>
</statistics>
<errors>
</errors>
</robot>
